[2019-03-17 14:39:05] laravel.EMERGENCY: Unable to create configured logger. Using emergency logger. {"exception":"[object] (InvalidArgumentException(code: 0): Log [] is not defined. at C:\\laragon\\www\\pasjoom\\vendor\\laravel\\framework\\src\\Illuminate\\Log\\LogManager.php:167)
[stacktrace]
#0 C:\\laragon\\www\\pasjoom\\vendor\\laravel\\framework\\src\\Illuminate\\Log\\LogManager.php(101): Illuminate\\Log\\LogManager->resolve(NULL)
#1 C:\\laragon\\www\\pasjoom\\vendor\\laravel\\framework\\src\\Illuminate\\Log\\LogManager.php(89): Illuminate\\Log\\LogManager->get(NULL)
#2 C:\\laragon\\www\\pasjoom\\vendor\\laravel\\framework\\src\\Illuminate\\Log\\LogManager.php(493): Illuminate\\Log\\LogManager->driver()
#3 C:\\laragon\\www\\pasjoom\\vendor\\laravel\\framework\\src\\Illuminate\\Foundation\\Exceptions\\Handler.php(114): Illuminate\\Log\\LogManager->error('Directory name ...', Array)
#4 C:\\laragon\\www\\pasjoom\\app\\Exceptions\\Handler.php(37): Illuminate\\Foundation\\Exceptions\\Handler->report(Object(RuntimeException))
#5 C:\\laragon\\www\\pasjoom\\vendor\\laravel\\framework\\src\\Illuminate\\Foundation\\Console\\Kernel.php(353): App\\Exceptions\\Handler->report(Object(RuntimeException))
#6 C:\\laragon\\www\\pasjoom\\vendor\\laravel\\framework\\src\\Illuminate\\Foundation\\Console\\Kernel.php(124): Illuminate\\Foundation\\Console\\Kernel->reportException(Object(RuntimeException))
#7 C:\\laragon\\www\\pasjoom\\artisan(36): Illuminate\\Foundation\\Console\\Kernel->handle(Object(Symfony\\Component\\Console\\Input\\ArgvInput), Object(Symfony\\Component\\Console\\Output\\ConsoleOutput))
#8 {main}
"} 
[2019-03-17 14:39:05] laravel.ERROR: Directory name must not be empty. {"exception":"[object] (RuntimeException(code: 0): Directory name must not be empty. at C:\\laragon\\www\\pasjoom\\vendor\\symfony\\finder\\Iterator\\RecursiveDirectoryIterator.php:48)
[stacktrace]
#0 C:\\laragon\\www\\pasjoom\\vendor\\symfony\\finder\\Iterator\\RecursiveDirectoryIterator.php(48): RecursiveDirectoryIterator->__construct('', 4096)
#1 C:\\laragon\\www\\pasjoom\\vendor\\symfony\\finder\\Finder.php(713): Symfony\\Component\\Finder\\Iterator\\RecursiveDirectoryIterator->__construct('', 4096, false)
#2 C:\\laragon\\www\\pasjoom\\vendor\\symfony\\finder\\Finder.php(606): Symfony\\Component\\Finder\\Finder->searchInDirectory('')
#3 C:\\laragon\\www\\pasjoom\\vendor\\laravel\\framework\\src\\Illuminate\\Foundation\\Bootstrap\\LoadConfiguration.php(88): Symfony\\Component\\Finder\\Finder->getIterator()
#4 C:\\laragon\\www\\pasjoom\\vendor\\laravel\\framework\\src\\Illuminate\\Foundation\\Bootstrap\\LoadConfiguration.php(65): Illuminate\\Foundation\\Bootstrap\\LoadConfiguration->getConfigurationFiles(Object(Illuminate\\Foundation\\Application))
#5 C:\\laragon\\www\\pasjoom\\vendor\\laravel\\framework\\src\\Illuminate\\Foundation\\Bootstrap\\LoadConfiguration.php(39): Illuminate\\Foundation\\Bootstrap\\LoadConfiguration->loadConfigurationFiles(Object(Illuminate\\Foundation\\Application), Object(Illuminate\\Config\\Repository))
#6 C:\\laragon\\www\\pasjoom\\vendor\\laravel\\framework\\src\\Illuminate\\Foundation\\Application.php(204): Illuminate\\Foundation\\Bootstrap\\LoadConfiguration->bootstrap(Object(Illuminate\\Foundation\\Application))
#7 C:\\laragon\\www\\pasjoom\\vendor\\laravel\\framework\\src\\Illuminate\\Foundation\\Console\\Kernel.php(297): Illuminate\\Foundation\\Application->bootstrapWith(Array)
#8 C:\\laragon\\www\\pasjoom\\vendor\\laravel\\framework\\src\\Illuminate\\Foundation\\Console\\Kernel.php(120): Illuminate\\Foundation\\Console\\Kernel->bootstrap()
#9 C:\\laragon\\www\\pasjoom\\artisan(36): Illuminate\\Foundation\\Console\\Kernel->handle(Object(Symfony\\Component\\Console\\Input\\ArgvInput), Object(Symfony\\Component\\Console\\Output\\ConsoleOutput))
#10 {main}
"} 
